<?xml version="1.0" encoding="UTF-8"?>
<testsuite name="org.team04.WordleHelperTest" tests="1" skipped="0" failures="0" errors="0" timestamp="2023-12-06T00:40:07" hostname="DESKTOP-GFNVOEH" time="0.017">
  <properties/>
  <testcase name="removeWrongWords()" classname="org.team04.WordleHelperTest" time="0.017"/>
  <system-out><![CDATA[aback
abase
abate
abbot
]]></system-out>
  <system-err><![CDATA[]]></system-err>
</testsuite>
